The system is: Windows - 10.0.14393 - AMD64
Compiling the C compiler identification source file "CMakeCCompilerId.c" succeeded.
Compiler: C:/Program Files (x86)/Microsoft Visual Studio/2019/Enterprise/VC/Tools/MSVC/14.24.28314/bin/HostX64/x64/cl.exe 
Build flags: 
Id flags:  

The output was:
0
Microsoft (R) C/C++ Optimizing Compiler Version 19.24.28316 for x64
Copyright (C) Microsoft Corporation.  All rights reserved.

CMakeCCompilerId.c
Microsoft (R) Incremental Linker Version 14.24.28316.0
Copyright (C) Microsoft Corporation.  All rights reserved.

/out:CMakeCCompilerId.exe 
CMakeCCompilerId.obj 


Compilation of the C compiler identification source "CMakeCCompilerId.c" produced "CMakeCCompilerId.exe"

Compilation of the C compiler identification source "CMakeCCompilerId.c" produced "CMakeCCompilerId.obj"

The C compiler identification is MSVC, found in "C:/Users/stone/source/repos/TargetOptimizer/dlib/out/build/x64-Debug/CMakeFiles/3.15.19101501-MSVC_2/CompilerIdC/CMakeCCompilerId.exe"

Compiling the CXX compiler identification source file "CMakeCXXCompilerId.cpp" succeeded.
Compiler: C:/Program Files (x86)/Microsoft Visual Studio/2019/Enterprise/VC/Tools/MSVC/14.24.28314/bin/HostX64/x64/cl.exe 
Build flags: 
Id flags:  

The output was:
0
Microsoft (R) C/C++ Optimizing Compiler Version 19.24.28316 for x64
Copyright (C) Microsoft Corporation.  All rights reserved.

CMakeCXXCompilerId.cpp
Microsoft (R) Incremental Linker Version 14.24.28316.0
Copyright (C) Microsoft Corporation.  All rights reserved.

/out:CMakeCXXCompilerId.exe 
CMakeCXXCompilerId.obj 


Compilation of the CXX compiler identification source "CMakeCXXCompilerId.cpp" produced "CMakeCXXCompilerId.exe"

Compilation of the CXX compiler identification source "CMakeCXXCompilerId.cpp" produced "CMakeCXXCompilerId.obj"

The CXX compiler identification is MSVC, found in "C:/Users/stone/source/repos/TargetOptimizer/dlib/out/build/x64-Debug/CMakeFiles/3.15.19101501-MSVC_2/CompilerIdCXX/CMakeCXXCompilerId.exe"

Determining if the C compiler works passed with the following output:
Change Dir: C:/Users/stone/source/repos/TargetOptimizer/dlib/out/build/x64-Debug/CMakeFiles/CMakeTmp

Run Build Command(s):C:/Program Files (x86)/Microsoft Visual Studio/2019/Enterprise/Common7/IDE/CommonExtensions/Microsoft/CMake/Ninja/ninja.exe cmTC_125d5 && [1/2] Building C object CMakeFiles\cmTC_125d5.dir\testCCompiler.c.obj
[2/2] Linking C executable cmTC_125d5.exe



Detecting C compiler ABI info compiled with the following output:
Change Dir: C:/Users/stone/source/repos/TargetOptimizer/dlib/out/build/x64-Debug/CMakeFiles/CMakeTmp

Run Build Command(s):C:/Program Files (x86)/Microsoft Visual Studio/2019/Enterprise/Common7/IDE/CommonExtensions/Microsoft/CMake/Ninja/ninja.exe cmTC_91421 && [1/2] Building C object CMakeFiles\cmTC_91421.dir\CMakeCCompilerABI.c.obj
[2/2] Linking C executable cmTC_91421.exe



Determining if the CXX compiler works passed with the following output:
Change Dir: C:/Users/stone/source/repos/TargetOptimizer/dlib/out/build/x64-Debug/CMakeFiles/CMakeTmp

Run Build Command(s):C:/Program Files (x86)/Microsoft Visual Studio/2019/Enterprise/Common7/IDE/CommonExtensions/Microsoft/CMake/Ninja/ninja.exe cmTC_42131 && [1/2] Building CXX object CMakeFiles\cmTC_42131.dir\testCXXCompiler.cxx.obj
[2/2] Linking CXX executable cmTC_42131.exe



Detecting CXX compiler ABI info compiled with the following output:
Change Dir: C:/Users/stone/source/repos/TargetOptimizer/dlib/out/build/x64-Debug/CMakeFiles/CMakeTmp

Run Build Command(s):C:/Program Files (x86)/Microsoft Visual Studio/2019/Enterprise/Common7/IDE/CommonExtensions/Microsoft/CMake/Ninja/ninja.exe cmTC_6a5ab && [1/2] Building CXX object CMakeFiles\cmTC_6a5ab.dir\CMakeCXXCompilerABI.cpp.obj
[2/2] Linking CXX executable cmTC_6a5ab.exe



Determining if the include file sys/types.h exists passed with the following output:
Change Dir: C:/Users/stone/source/repos/TargetOptimizer/dlib/out/build/x64-Debug/CMakeFiles/CMakeTmp

Run Build Command(s):C:/Program Files (x86)/Microsoft Visual Studio/2019/Enterprise/Common7/IDE/CommonExtensions/Microsoft/CMake/Ninja/ninja.exe cmTC_ca483 && [1/2] Building C object CMakeFiles\cmTC_ca483.dir\CheckIncludeFile.c.obj
[2/2] Linking C executable cmTC_ca483.exe



Determining if the include file stdint.h exists passed with the following output:
Change Dir: C:/Users/stone/source/repos/TargetOptimizer/dlib/out/build/x64-Debug/CMakeFiles/CMakeTmp

Run Build Command(s):C:/Program Files (x86)/Microsoft Visual Studio/2019/Enterprise/Common7/IDE/CommonExtensions/Microsoft/CMake/Ninja/ninja.exe cmTC_79473 && [1/2] Building C object CMakeFiles\cmTC_79473.dir\CheckIncludeFile.c.obj
[2/2] Linking C executable cmTC_79473.exe



Determining if the include file stddef.h exists passed with the following output:
Change Dir: C:/Users/stone/source/repos/TargetOptimizer/dlib/out/build/x64-Debug/CMakeFiles/CMakeTmp

Run Build Command(s):C:/Program Files (x86)/Microsoft Visual Studio/2019/Enterprise/Common7/IDE/CommonExtensions/Microsoft/CMake/Ninja/ninja.exe cmTC_5dcf6 && [1/2] Building C object CMakeFiles\cmTC_5dcf6.dir\CheckIncludeFile.c.obj
[2/2] Linking C executable cmTC_5dcf6.exe



Determining size of void* passed with the following output:
Change Dir: C:/Users/stone/source/repos/TargetOptimizer/dlib/out/build/x64-Debug/CMakeFiles/CMakeTmp

Run Build Command(s):C:/Program Files (x86)/Microsoft Visual Studio/2019/Enterprise/Common7/IDE/CommonExtensions/Microsoft/CMake/Ninja/ninja.exe cmTC_ac05f && [1/2] Building C object CMakeFiles\cmTC_ac05f.dir\SIZE_OF_VOID_PTR.c.obj
[2/2] Linking C executable cmTC_ac05f.exe



